0 info it worked if it ends with ok
1 verbose cli [ 'C:\\Program Files\\nodejs\\node.exe',
1 verbose cli   'C:\\Program Files\\nodejs\\node_modules\\npm\\bin\\npm-cli.js',
1 verbose cli   'install',
1 verbose cli   'path',
1 verbose cli   '--save' ]
2 info using npm@3.10.10
3 info using node@v6.9.4
4 silly loadCurrentTree Starting
5 silly install loadCurrentTree
6 silly install readLocalPackageData
7 silly fetchPackageMetaData path
8 silly fetchNamedPackageData path
9 silly mapToRegistry name path
10 silly mapToRegistry using default registry
11 silly mapToRegistry registry https://registry.npmjs.org/
12 silly mapToRegistry data Result {
12 silly mapToRegistry   raw: 'path',
12 silly mapToRegistry   scope: null,
12 silly mapToRegistry   escapedName: 'path',
12 silly mapToRegistry   name: 'path',
12 silly mapToRegistry   rawSpec: '',
12 silly mapToRegistry   spec: 'latest',
12 silly mapToRegistry   type: 'tag' }
13 silly mapToRegistry uri https://registry.npmjs.org/path
14 verbose request uri https://registry.npmjs.org/path
15 verbose request no auth needed
16 info attempt registry request try #1 at 9:21:54 PM
17 verbose request id 4a27127f5726e552
18 verbose etag W/"58ffdfc4-171f"
19 verbose lastModified Tue, 25 Apr 2017 23:46:12 GMT
20 http request GET https://registry.npmjs.org/path
21 http 304 https://registry.npmjs.org/path
22 verbose headers { date: 'Sat, 29 Apr 2017 01:21:57 GMT',
22 verbose headers   via: '1.1 varnish',
22 verbose headers   'cache-control': 'max-age=300',
22 verbose headers   etag: 'W/"58ffdfc4-171f"',
22 verbose headers   age: '0',
22 verbose headers   connection: 'keep-alive',
22 verbose headers   'x-served-by': 'cache-atl6227-ATL',
22 verbose headers   'x-cache': 'MISS',
22 verbose headers   'x-cache-hits': '0',
22 verbose headers   'x-timer': 'S1493428917.000638,VS0,VE43',
22 verbose headers   vary: 'Accept-Encoding' }
23 silly get cb [ 304,
23 silly get   { date: 'Sat, 29 Apr 2017 01:21:57 GMT',
23 silly get     via: '1.1 varnish',
23 silly get     'cache-control': 'max-age=300',
23 silly get     etag: 'W/"58ffdfc4-171f"',
23 silly get     age: '0',
23 silly get     connection: 'keep-alive',
23 silly get     'x-served-by': 'cache-atl6227-ATL',
23 silly get     'x-cache': 'MISS',
23 silly get     'x-cache-hits': '0',
23 silly get     'x-timer': 'S1493428917.000638,VS0,VE43',
23 silly get     vary: 'Accept-Encoding' } ]
24 verbose etag https://registry.npmjs.org/path from cache
25 verbose get saving path to C:\Users\ASCHN\AppData\Roaming\npm-cache\registry.npmjs.org\path\.cache.json
26 verbose correctMkdir C:\Users\ASCHN\AppData\Roaming\npm-cache correctMkdir not in flight; initializing
27 silly install normalizeTree
28 silly loadCurrentTree Finishing
29 silly loadIdealTree Starting
30 silly install loadIdealTree
31 silly cloneCurrentTree Starting
32 silly install cloneCurrentTreeToIdealTree
33 silly cloneCurrentTree Finishing
34 silly loadShrinkwrap Starting
35 silly install loadShrinkwrap
36 silly loadShrinkwrap Finishing
37 silly loadAllDepsIntoIdealTree Starting
38 silly install loadAllDepsIntoIdealTree
39 silly resolveWithNewModule path@0.12.7 checking installable status
40 silly cache add args [ 'path', null ]
41 verbose cache add spec path
42 silly cache add parsed spec Result {
42 silly cache add   raw: 'path',
42 silly cache add   scope: null,
42 silly cache add   escapedName: 'path',
42 silly cache add   name: 'path',
42 silly cache add   rawSpec: '',
42 silly cache add   spec: 'latest',
42 silly cache add   type: 'tag' }
43 silly addNamed path@latest
44 verbose addNamed "latest" is being treated as a dist-tag for path
45 info addNameTag [ 'path', 'latest' ]
46 silly mapToRegistry name path
47 silly mapToRegistry using default registry
48 silly mapToRegistry registry https://registry.npmjs.org/
49 silly mapToRegistry data Result {
49 silly mapToRegistry   raw: 'path',
49 silly mapToRegistry   scope: null,
49 silly mapToRegistry   escapedName: 'path',
49 silly mapToRegistry   name: 'path',
49 silly mapToRegistry   rawSpec: '',
49 silly mapToRegistry   spec: 'latest',
49 silly mapToRegistry   type: 'tag' }
50 silly mapToRegistry uri https://registry.npmjs.org/path
51 verbose addNameTag registry:https://registry.npmjs.org/path not in flight; fetching
52 verbose get https://registry.npmjs.org/path not expired, no request
53 silly addNameTag next cb for path with tag latest
54 silly addNamed path@0.12.7
55 verbose addNamed "0.12.7" is a plain semver version for path
56 silly cache afterAdd path@0.12.7
57 verbose afterAdd C:\Users\ASCHN\AppData\Roaming\npm-cache\path\0.12.7\package\package.json not in flight; writing
58 verbose correctMkdir C:\Users\ASCHN\AppData\Roaming\npm-cache correctMkdir not in flight; initializing
59 verbose afterAdd C:\Users\ASCHN\AppData\Roaming\npm-cache\path\0.12.7\package\package.json written
60 silly fetchNamedPackageData process
61 silly mapToRegistry name process
62 silly mapToRegistry using default registry
63 silly mapToRegistry registry https://registry.npmjs.org/
64 silly mapToRegistry data Result {
64 silly mapToRegistry   raw: 'process',
64 silly mapToRegistry   scope: null,
64 silly mapToRegistry   escapedName: 'process',
64 silly mapToRegistry   name: 'process',
64 silly mapToRegistry   rawSpec: '',
64 silly mapToRegistry   spec: 'latest',
64 silly mapToRegistry   type: 'tag' }
65 silly mapToRegistry uri https://registry.npmjs.org/process
66 silly fetchNamedPackageData util
67 silly mapToRegistry name util
68 silly mapToRegistry using default registry
69 silly mapToRegistry registry https://registry.npmjs.org/
70 silly mapToRegistry data Result {
70 silly mapToRegistry   raw: 'util',
70 silly mapToRegistry   scope: null,
70 silly mapToRegistry   escapedName: 'util',
70 silly mapToRegistry   name: 'util',
70 silly mapToRegistry   rawSpec: '',
70 silly mapToRegistry   spec: 'latest',
70 silly mapToRegistry   type: 'tag' }
71 silly mapToRegistry uri https://registry.npmjs.org/util
72 verbose request uri https://registry.npmjs.org/process
73 verbose request no auth needed
74 info attempt registry request try #1 at 9:21:54 PM
75 verbose etag W/"590093d3-61c4"
76 verbose lastModified Wed, 26 Apr 2017 12:34:27 GMT
77 http request GET https://registry.npmjs.org/process
78 verbose request uri https://registry.npmjs.org/util
79 verbose request no auth needed
80 info attempt registry request try #1 at 9:21:54 PM
81 verbose etag W/"58c5fc3f-18ed"
82 verbose lastModified Mon, 13 Mar 2017 01:56:15 GMT
83 http request GET https://registry.npmjs.org/util
84 http 304 https://registry.npmjs.org/process
85 verbose headers { date: 'Sat, 29 Apr 2017 01:21:57 GMT',
85 verbose headers   via: '1.1 varnish',
85 verbose headers   'cache-control': 'max-age=300',
85 verbose headers   etag: 'W/"590093d3-61c4"',
85 verbose headers   age: '6',
85 verbose headers   connection: 'keep-alive',
85 verbose headers   'x-served-by': 'cache-atl6227-ATL',
85 verbose headers   'x-cache': 'HIT',
85 verbose headers   'x-cache-hits': '1',
85 verbose headers   'x-timer': 'S1493428917.166621,VS0,VE1',
85 verbose headers   vary: 'Accept-Encoding' }
86 silly get cb [ 304,
86 silly get   { date: 'Sat, 29 Apr 2017 01:21:57 GMT',
86 silly get     via: '1.1 varnish',
86 silly get     'cache-control': 'max-age=300',
86 silly get     etag: 'W/"590093d3-61c4"',
86 silly get     age: '6',
86 silly get     connection: 'keep-alive',
86 silly get     'x-served-by': 'cache-atl6227-ATL',
86 silly get     'x-cache': 'HIT',
86 silly get     'x-cache-hits': '1',
86 silly get     'x-timer': 'S1493428917.166621,VS0,VE1',
86 silly get     vary: 'Accept-Encoding' } ]
87 verbose etag https://registry.npmjs.org/process from cache
88 verbose get saving process to C:\Users\ASCHN\AppData\Roaming\npm-cache\registry.npmjs.org\process\.cache.json
89 verbose correctMkdir C:\Users\ASCHN\AppData\Roaming\npm-cache correctMkdir not in flight; initializing
90 silly resolveWithNewModule process@0.11.10 checking installable status
91 silly cache add args [ 'process@^0.11.1', null ]
92 verbose cache add spec process@^0.11.1
93 silly cache add parsed spec Result {
93 silly cache add   raw: 'process@^0.11.1',
93 silly cache add   scope: null,
93 silly cache add   escapedName: 'process',
93 silly cache add   name: 'process',
93 silly cache add   rawSpec: '^0.11.1',
93 silly cache add   spec: '>=0.11.1 <0.12.0',
93 silly cache add   type: 'range' }
94 silly addNamed process@>=0.11.1 <0.12.0
95 verbose addNamed ">=0.11.1 <0.12.0" is a valid semver range for process
96 silly addNameRange { name: 'process', range: '>=0.11.1 <0.12.0', hasData: false }
97 silly mapToRegistry name process
98 silly mapToRegistry using default registry
99 silly mapToRegistry registry https://registry.npmjs.org/
100 silly mapToRegistry data Result {
100 silly mapToRegistry   raw: 'process',
100 silly mapToRegistry   scope: null,
100 silly mapToRegistry   escapedName: 'process',
100 silly mapToRegistry   name: 'process',
100 silly mapToRegistry   rawSpec: '',
100 silly mapToRegistry   spec: 'latest',
100 silly mapToRegistry   type: 'tag' }
101 silly mapToRegistry uri https://registry.npmjs.org/process
102 verbose addNameRange registry:https://registry.npmjs.org/process not in flight; fetching
103 verbose get https://registry.npmjs.org/process not expired, no request
104 silly addNameRange number 2 { name: 'process', range: '>=0.11.1 <0.12.0', hasData: true }
105 silly addNameRange versions [ 'process',
105 silly addNameRange   [ '0.4.9',
105 silly addNameRange     '0.5.0',
105 silly addNameRange     '0.5.1',
105 silly addNameRange     '0.5.2',
105 silly addNameRange     '0.6.0',
105 silly addNameRange     '0.7.0',
105 silly addNameRange     '0.8.0',
105 silly addNameRange     '0.9.0',
105 silly addNameRange     '0.10.0',
105 silly addNameRange     '0.10.1',
105 silly addNameRange     '0.11.0',
105 silly addNameRange     '0.11.1',
105 silly addNameRange     '0.11.2',
105 silly addNameRange     '0.11.3',
105 silly addNameRange     '0.11.4',
105 silly addNameRange     '0.11.5',
105 silly addNameRange     '0.11.6',
105 silly addNameRange     '0.11.7',
105 silly addNameRange     '0.11.8',
105 silly addNameRange     '0.11.9',
105 silly addNameRange     '0.11.10' ] ]
106 silly addNamed process@0.11.10
107 verbose addNamed "0.11.10" is a plain semver version for process
108 silly cache afterAdd process@0.11.10
109 verbose afterAdd C:\Users\ASCHN\AppData\Roaming\npm-cache\process\0.11.10\package\package.json not in flight; writing
110 verbose correctMkdir C:\Users\ASCHN\AppData\Roaming\npm-cache correctMkdir not in flight; initializing
111 verbose afterAdd C:\Users\ASCHN\AppData\Roaming\npm-cache\process\0.11.10\package\package.json written
112 http 304 https://registry.npmjs.org/util
113 verbose headers { date: 'Sat, 29 Apr 2017 01:21:57 GMT',
113 verbose headers   via: '1.1 varnish',
113 verbose headers   'cache-control': 'max-age=300',
113 verbose headers   etag: 'W/"58c5fc3f-18ed"',
113 verbose headers   age: '161',
113 verbose headers   connection: 'keep-alive',
113 verbose headers   'x-served-by': 'cache-atl6223-ATL',
113 verbose headers   'x-cache': 'HIT',
113 verbose headers   'x-cache-hits': '1',
113 verbose headers   'x-timer': 'S1493428917.224585,VS0,VE1',
113 verbose headers   vary: 'Accept-Encoding' }
114 silly get cb [ 304,
114 silly get   { date: 'Sat, 29 Apr 2017 01:21:57 GMT',
114 silly get     via: '1.1 varnish',
114 silly get     'cache-control': 'max-age=300',
114 silly get     etag: 'W/"58c5fc3f-18ed"',
114 silly get     age: '161',
114 silly get     connection: 'keep-alive',
114 silly get     'x-served-by': 'cache-atl6223-ATL',
114 silly get     'x-cache': 'HIT',
114 silly get     'x-cache-hits': '1',
114 silly get     'x-timer': 'S1493428917.224585,VS0,VE1',
114 silly get     vary: 'Accept-Encoding' } ]
115 verbose etag https://registry.npmjs.org/util from cache
116 verbose get saving util to C:\Users\ASCHN\AppData\Roaming\npm-cache\registry.npmjs.org\util\.cache.json
117 verbose correctMkdir C:\Users\ASCHN\AppData\Roaming\npm-cache correctMkdir not in flight; initializing
118 silly resolveWithNewModule util@0.10.3 checking installable status
119 silly cache add args [ 'util@^0.10.3', null ]
120 verbose cache add spec util@^0.10.3
121 silly cache add parsed spec Result {
121 silly cache add   raw: 'util@^0.10.3',
121 silly cache add   scope: null,
121 silly cache add   escapedName: 'util',
121 silly cache add   name: 'util',
121 silly cache add   rawSpec: '^0.10.3',
121 silly cache add   spec: '>=0.10.3 <0.11.0',
121 silly cache add   type: 'range' }
122 silly addNamed util@>=0.10.3 <0.11.0
123 verbose addNamed ">=0.10.3 <0.11.0" is a valid semver range for util
124 silly addNameRange { name: 'util', range: '>=0.10.3 <0.11.0', hasData: false }
125 silly mapToRegistry name util
126 silly mapToRegistry using default registry
127 silly mapToRegistry registry https://registry.npmjs.org/
128 silly mapToRegistry data Result {
128 silly mapToRegistry   raw: 'util',
128 silly mapToRegistry   scope: null,
128 silly mapToRegistry   escapedName: 'util',
128 silly mapToRegistry   name: 'util',
128 silly mapToRegistry   rawSpec: '',
128 silly mapToRegistry   spec: 'latest',
128 silly mapToRegistry   type: 'tag' }
129 silly mapToRegistry uri https://registry.npmjs.org/util
130 verbose addNameRange registry:https://registry.npmjs.org/util not in flight; fetching
131 verbose get https://registry.npmjs.org/util not expired, no request
132 silly addNameRange number 2 { name: 'util', range: '>=0.10.3 <0.11.0', hasData: true }
133 silly addNameRange versions [ 'util', [ '0.4.9', '0.10.0', '0.10.1', '0.10.2', '0.10.3' ] ]
134 silly addNamed util@0.10.3
135 verbose addNamed "0.10.3" is a plain semver version for util
136 silly cache afterAdd util@0.10.3
137 verbose afterAdd C:\Users\ASCHN\AppData\Roaming\npm-cache\util\0.10.3\package\package.json not in flight; writing
138 verbose correctMkdir C:\Users\ASCHN\AppData\Roaming\npm-cache correctMkdir not in flight; initializing
139 verbose afterAdd C:\Users\ASCHN\AppData\Roaming\npm-cache\util\0.10.3\package\package.json written
140 silly fetchNamedPackageData inherits
141 silly mapToRegistry name inherits
142 silly mapToRegistry using default registry
143 silly mapToRegistry registry https://registry.npmjs.org/
144 silly mapToRegistry data Result {
144 silly mapToRegistry   raw: 'inherits',
144 silly mapToRegistry   scope: null,
144 silly mapToRegistry   escapedName: 'inherits',
144 silly mapToRegistry   name: 'inherits',
144 silly mapToRegistry   rawSpec: '',
144 silly mapToRegistry   spec: 'latest',
144 silly mapToRegistry   type: 'tag' }
145 silly mapToRegistry uri https://registry.npmjs.org/inherits
146 verbose request uri https://registry.npmjs.org/inherits
147 verbose request no auth needed
148 info attempt registry request try #1 at 9:21:54 PM
149 verbose etag W/"58fc9a2b-2221"
150 verbose lastModified Sun, 23 Apr 2017 12:12:27 GMT
151 http request GET https://registry.npmjs.org/inherits
152 http 304 https://registry.npmjs.org/inherits
153 verbose headers { date: 'Sat, 29 Apr 2017 01:21:57 GMT',
153 verbose headers   via: '1.1 varnish',
153 verbose headers   'cache-control': 'max-age=300',
153 verbose headers   etag: 'W/"58fc9a2b-2221"',
153 verbose headers   age: '226',
153 verbose headers   connection: 'keep-alive',
153 verbose headers   'x-served-by': 'cache-atl6227-ATL',
153 verbose headers   'x-cache': 'HIT',
153 verbose headers   'x-cache-hits': '3',
153 verbose headers   'x-timer': 'S1493428917.305218,VS0,VE0',
153 verbose headers   vary: 'Accept-Encoding' }
154 silly get cb [ 304,
154 silly get   { date: 'Sat, 29 Apr 2017 01:21:57 GMT',
154 silly get     via: '1.1 varnish',
154 silly get     'cache-control': 'max-age=300',
154 silly get     etag: 'W/"58fc9a2b-2221"',
154 silly get     age: '226',
154 silly get     connection: 'keep-alive',
154 silly get     'x-served-by': 'cache-atl6227-ATL',
154 silly get     'x-cache': 'HIT',
154 silly get     'x-cache-hits': '3',
154 silly get     'x-timer': 'S1493428917.305218,VS0,VE0',
154 silly get     vary: 'Accept-Encoding' } ]
155 verbose etag https://registry.npmjs.org/inherits from cache
156 verbose get saving inherits to C:\Users\ASCHN\AppData\Roaming\npm-cache\registry.npmjs.org\inherits\.cache.json
157 verbose correctMkdir C:\Users\ASCHN\AppData\Roaming\npm-cache correctMkdir not in flight; initializing
158 silly resolveWithNewModule inherits@2.0.1 checking installable status
159 silly cache add args [ 'inherits@2.0.1', null ]
160 verbose cache add spec inherits@2.0.1
161 silly cache add parsed spec Result {
161 silly cache add   raw: 'inherits@2.0.1',
161 silly cache add   scope: null,
161 silly cache add   escapedName: 'inherits',
161 silly cache add   name: 'inherits',
161 silly cache add   rawSpec: '2.0.1',
161 silly cache add   spec: '2.0.1',
161 silly cache add   type: 'version' }
162 silly addNamed inherits@2.0.1
163 verbose addNamed "2.0.1" is a plain semver version for inherits
164 silly mapToRegistry name inherits
165 silly mapToRegistry using default registry
166 silly mapToRegistry registry https://registry.npmjs.org/
167 silly mapToRegistry data Result {
167 silly mapToRegistry   raw: 'inherits',
167 silly mapToRegistry   scope: null,
167 silly mapToRegistry   escapedName: 'inherits',
167 silly mapToRegistry   name: 'inherits',
167 silly mapToRegistry   rawSpec: '',
167 silly mapToRegistry   spec: 'latest',
167 silly mapToRegistry   type: 'tag' }
168 silly mapToRegistry uri https://registry.npmjs.org/inherits
169 verbose addNameVersion registry:https://registry.npmjs.org/inherits not in flight; fetching
170 verbose get https://registry.npmjs.org/inherits not expired, no request
171 silly cache afterAdd inherits@2.0.1
172 verbose afterAdd C:\Users\ASCHN\AppData\Roaming\npm-cache\inherits\2.0.1\package\package.json not in flight; writing
173 verbose correctMkdir C:\Users\ASCHN\AppData\Roaming\npm-cache correctMkdir not in flight; initializing
174 verbose afterAdd C:\Users\ASCHN\AppData\Roaming\npm-cache\inherits\2.0.1\package\package.json written
175 silly loadAllDepsIntoIdealTree Finishing
176 silly loadIdealTree Finishing
177 silly currentTree friendfinder@1.0.0
178 silly idealTree friendfinder@1.0.0
178 silly idealTree +-- inherits@2.0.1
178 silly idealTree +-- path@0.12.7
178 silly idealTree +-- process@0.11.10
178 silly idealTree `-- util@0.10.3
179 silly generateActionsToTake Starting
180 silly install generateActionsToTake
181 silly generateActionsToTake Finishing
182 silly diffTrees action count 4
183 silly diffTrees add inherits@2.0.1
184 silly diffTrees add process@0.11.10
185 silly diffTrees add util@0.10.3
186 silly diffTrees add path@0.12.7
187 silly decomposeActions action count 32
188 silly decomposeActions fetch inherits@2.0.1
189 silly decomposeActions extract inherits@2.0.1
190 silly decomposeActions test inherits@2.0.1
191 silly decomposeActions preinstall inherits@2.0.1
192 silly decomposeActions build inherits@2.0.1
193 silly decomposeActions install inherits@2.0.1
194 silly decomposeActions postinstall inherits@2.0.1
195 silly decomposeActions finalize inherits@2.0.1
196 silly decomposeActions fetch process@0.11.10
197 silly decomposeActions extract process@0.11.10
198 silly decomposeActions test process@0.11.10
199 silly decomposeActions preinstall process@0.11.10
200 silly decomposeActions build process@0.11.10
201 silly decomposeActions install process@0.11.10
202 silly decomposeActions postinstall process@0.11.10
203 silly decomposeActions finalize process@0.11.10
204 silly decomposeActions fetch util@0.10.3
205 silly decomposeActions extract util@0.10.3
206 silly decomposeActions test util@0.10.3
207 silly decomposeActions preinstall util@0.10.3
208 silly decomposeActions build util@0.10.3
209 silly decomposeActions install util@0.10.3
210 silly decomposeActions postinstall util@0.10.3
211 silly decomposeActions finalize util@0.10.3
212 silly decomposeActions fetch path@0.12.7
213 silly decomposeActions extract path@0.12.7
214 silly decomposeActions test path@0.12.7
215 silly decomposeActions preinstall path@0.12.7
216 silly decomposeActions build path@0.12.7
217 silly decomposeActions install path@0.12.7
218 silly decomposeActions postinstall path@0.12.7
219 silly decomposeActions finalize path@0.12.7
220 silly runTopLevelLifecycles Starting
221 silly executeActions Starting
222 silly install executeActions
223 silly doSerial global-install 0
224 silly doParallel fetch 4
225 verbose correctMkdir C:\Users\ASCHN\AppData\Roaming\npm-cache\_locks correctMkdir not in flight; initializing
226 verbose lock using C:\Users\ASCHN\AppData\Roaming\npm-cache\_locks\staging-07ef129b7b0a60eb.lock for C:\Users\ASCHN\Desktop\FriendFinder\node_modules\.staging
227 verbose unlock done using C:\Users\ASCHN\AppData\Roaming\npm-cache\_locks\staging-07ef129b7b0a60eb.lock for C:\Users\ASCHN\Desktop\FriendFinder\node_modules\.staging
228 silly rollbackFailedOptional Starting
229 silly rollbackFailedOptional Finishing
230 silly runTopLevelLifecycles Finishing
231 silly install printInstalled
232 warn friendfinder@1.0.0 No description
233 verbose If you need help, you may report this error at:
233 verbose     <https://github.com/npm/npm/issues>
234 verbose stack Error: EEXIST: file already exists, mkdir 'C:\Users\ASCHN\Desktop\FriendFinder\node_modules'
234 verbose stack     at Error (native)
235 verbose cwd C:\Users\ASCHN\Desktop\FriendFinder
236 error Windows_NT 10.0.14393
237 error argv "C:\\Program Files\\nodejs\\node.exe" "C:\\Program Files\\nodejs\\node_modules\\npm\\bin\\npm-cli.js" "install" "path" "--save"
238 error node v6.9.4
239 error npm  v3.10.10
240 error path C:\Users\ASCHN\Desktop\FriendFinder\node_modules
241 error code EEXIST
242 error errno -4075
243 error syscall mkdir
244 error EEXIST: file already exists, mkdir 'C:\Users\ASCHN\Desktop\FriendFinder\node_modules'
245 error File exists: C:\Users\ASCHN\Desktop\FriendFinder\node_modules
246 error Move it away, and try again.
247 verbose exit [ -4075, true ]
